[2019-01-15 10:05:43] production.ERROR: ErrorException: count(): Parameter must be an array or an object that implements Countable in /var/www/html/sepides-cae.mgo4apps.com/vendor/yajra/laravel-datatables-oracle/src/Engines/CollectionEngine.php:211
Stack trace:
#0 [internal function]: Illuminate\Foundation\Bootstrap\HandleExceptions->handleError(2, 'count(): Parame...', '/var/www/html/s...', 211, Array)
#1 /var/www/html/sepides-cae.mgo4apps.com/vendor/yajra/laravel-datatables-oracle/src/Engines/CollectionEngine.php(211): count(NULL)
#2 /var/www/html/sepides-cae.mgo4apps.com/vendor/yajra/laravel-datatables-oracle/src/Engines/BaseEngine.php(533): Yajra\Datatables\Engines\CollectionEngine->columnSearch()
#3 /var/www/html/sepides-cae.mgo4apps.com/vendor/yajra/laravel-datatables-oracle/src/Engines/CollectionEngine.php(284): Yajra\Datatables\Engines\BaseEngine->filterRecords()
#4 /var/www/html/sepides-cae.mgo4apps.com/app/Http/Controllers/Contratos/ContratosController.php(386): Yajra\Datatables\Engines\CollectionEngine->make(true)
#5 [internal function]: App\Http\Controllers\Contratos\ContratosController->centrosData(Object(Illuminate\Http\Request))
#6 /var/www/html/sepides-cae.mgo4apps.com/vendor/laravel/framework/src/Illuminate/Routing/Controller.php(55): call_user_func_array(Array, Array)
#7 /var/www/html/sepides-cae.mgo4apps.com/vendor/laravel/framework/src/Illuminate/Routing/ControllerDispatcher.php(44): Illuminate\Routing\Controller->callAction('centrosData', Array)
#8 /var/www/html/sepides-cae.mgo4apps.com/vendor/laravel/framework/src/Illuminate/Routing/Route.php(203): Illuminate\Routing\ControllerDispatcher->dispatch(Object(Illuminate\Routing\Route), Object(App\Http\Controllers\Contratos\ContratosController), 'centrosData')
#9 /var/www/html/sepides-cae.mgo4apps.com/vendor/laravel/framework/src/Illuminate/Routing/Route.php(160): Illuminate\Routing\Route->runController()
#10 /var/www/html/sepides-cae.mgo4apps.com/vendor/laravel/framework/src/Illuminate/Routing/Router.php(572): Illuminate\Routing\Route->run()
#11 /var/www/html/sepides-cae.mgo4apps.com/vendor/laravel/framework/src/Illuminate/Routing/Pipeline.php(30): Illuminate\Routing\Router->Illuminate\Routing\{closure}(Object(Illuminate\Http\Request))
#12 /var/www/html/sepides-cae.mgo4apps.com/app/Http/Middleware/Authenticate.php(28): Illuminate\Routing\Pipeline->Illuminate\Routing\{closure}(Object(Illuminate\Http\Request))
#13 /var/www/html/sepides-cae.mgo4apps.com/vendor/laravel/framework/src/Illuminate/Pipeline/Pipeline.php(148): App\Http\Middleware\Authenticate->handle(Object(Illuminate\Http\Request), Object(Closure))
#14 /var/www/html/sepides-cae.mgo4apps.com/vendor/laravel/framework/src/Illuminate/Routing/Pipeline.php(53): Illuminate\Pipeline\Pipeline->Illuminate\Pipeline\{closure}(Object(Illuminate\Http\Request))
#15 /var/www/html/sepides-cae.mgo4apps.com/vendor/yajra/laravel-acl/src/Middleware/PermissionMiddleware.php(33): Illuminate\Routing\Pipeline->Illuminate\Routing\{closure}(Object(Illuminate\Http\Request))
#16 /var/www/html/sepides-cae.mgo4apps.com/vendor/laravel/framework/src/Illuminate/Pipeline/Pipeline.php(148): Yajra\Acl\Middleware\PermissionMiddleware->handle(Object(Illuminate\Http\Request), Object(Closure), 'contratos.view')
#17 /var/www/html/sepides-cae.mgo4apps.com/vendor/laravel/framework/src/Illuminate/Routing/Pipeline.php(53): Illuminate\Pipeline\Pipeline->Illuminate\Pipeline\{closure}(Object(Illuminate\Http\Request))
#18 /var/www/html/sepides-cae.mgo4apps.com/app/Http/Middleware/SessionTimeout.php(53): Illuminate\Routing\Pipeline->Illuminate\Routing\{closure}(Object(Illuminate\Http\Request))
#19 /var/www/html/sepides-cae.mgo4apps.com/vendor/laravel/framework/src/Illuminate/Pipeline/Pipeline.php(148): App\Http\Middleware\SessionTimeout->handle(Object(Illuminate\Http\Request), Object(Closure))
#20 /var/www/html/sepides-cae.mgo4apps.com/vendor/laravel/framework/src/Illuminate/Routing/Pipeline.php(53): Illuminate\Pipeline\Pipeline->Illuminate\Pipeline\{closure}(Object(Illuminate\Http\Request))
#21 /var/www/html/sepides-cae.mgo4apps.com/vendor/laravel/framework/src/Illuminate/Foundation/Http/Middleware/VerifyCsrfToken.php(65): Illuminate\Routing\Pipeline->Illuminate\Routing\{closure}(Object(Illuminate\Http\Request))
#22 /var/www/html/sepides-cae.mgo4apps.com/vendor/laravel/framework/src/Illuminate/Pipeline/Pipeline.php(148): Illuminate\Foundation\Http\Middleware\VerifyCsrfToken->handle(Object(Illuminate\Http\Request), Object(Closure))
#23 /var/www/html/sepides-cae.mgo4apps.com/vendor/laravel/framework/src/Illuminate/Routing/Pipeline.php(53): Illuminate\Pipeline\Pipeline->Illuminate\Pipeline\{closure}(Object(Illuminate\Http\Request))
#24 /var/www/html/sepides-cae.mgo4apps.com/vendor/laravel/framework/src/Illuminate/View/Middleware/ShareErrorsFromSession.php(49): Illuminate\Routing\Pipeline->Illuminate\Routing\{closure}(Object(Illuminate\Http\Request))
#25 /var/www/html/sepides-cae.mgo4apps.com/vendor/laravel/framework/src/Illuminate/Pipeline/Pipeline.php(148): Illuminate\View\Middleware\ShareErrorsFromSession->handle(Object(Illuminate\Http\Request), Object(Closure))
#26 /var/www/html/sepides-cae.mgo4apps.com/vendor/laravel/framework/src/Illuminate/Routing/Pipeline.php(53): Illuminate\Pipeline\Pipeline->Illuminate\Pipeline\{closure}(Object(Illuminate\Http\Request))
#27 /var/www/html/sepides-cae.mgo4apps.com/vendor/laravel/framework/src/Illuminate/Session/Middleware/StartSession.php(64): Illuminate\Routing\Pipeline->Illuminate\Routing\{closure}(Object(Illuminate\Http\Request))
#28 /var/www/html/sepides-cae.mgo4apps.com/vendor/laravel/framework/src/Illuminate/Pipeline/Pipeline.php(148): Illuminate\Session\Middleware\StartSession->handle(Object(Illuminate\Http\Request), Object(Closure))
#29 /var/www/html/sepides-cae.mgo4apps.com/vendor/laravel/framework/src/Illuminate/Routing/Pipeline.php(53): Illuminate\Pipeline\Pipeline->Illuminate\Pipeline\{closure}(Object(Illuminate\Http\Request))
#30 /var/www/html/sepides-cae.mgo4apps.com/vendor/laravel/framework/src/Illuminate/Cookie/Middleware/AddQueuedCookiesToResponse.php(37): Illuminate\Routing\Pipeline->Illuminate\Routing\{closure}(Object(Illuminate\Http\Request))
#31 /var/www/html/sepides-cae.mgo4apps.com/vendor/laravel/framework/src/Illuminate/Pipeline/Pipeline.php(148): Illuminate\Cookie\Middleware\AddQueuedCookiesToResponse->handle(Object(Illuminate\Http\Request), Object(Closure))
#32 /var/www/html/sepides-cae.mgo4apps.com/vendor/laravel/framework/src/Illuminate/Routing/Pipeline.php(53): Illuminate\Pipeline\Pipeline->Illuminate\Pipeline\{closure}(Object(Illuminate\Http\Request))
#33 /var/www/html/sepides-cae.mgo4apps.com/vendor/laravel/framework/src/Illuminate/Cookie/Middleware/EncryptCookies.php(59): Illuminate\Routing\Pipeline->Illuminate\Routing\{closure}(Object(Illuminate\Http\Request))
#34 /var/www/html/sepides-cae.mgo4apps.com/vendor/laravel/framework/src/Illuminate/Pipeline/Pipeline.php(148): Illuminate\Cookie\Middleware\EncryptCookies->handle(Object(Illuminate\Http\Request), Object(Closure))
#35 /var/www/html/sepides-cae.mgo4apps.com/vendor/laravel/framework/src/Illuminate/Routing/Pipeline.php(53): Illuminate\Pipeline\Pipeline->Illuminate\Pipeline\{closure}(Object(Illuminate\Http\Request))
#36 /var/www/html/sepides-cae.mgo4apps.com/vendor/laravel/framework/src/Illuminate/Pipeline/Pipeline.php(102): Illuminate\Routing\Pipeline->Illuminate\Routing\{closure}(Object(Illuminate\Http\Request))
#37 /var/www/html/sepides-cae.mgo4apps.com/vendor/laravel/framework/src/Illuminate/Routing/Router.php(574): Illuminate\Pipeline\Pipeline->then(Object(Closure))
#38 /var/www/html/sepides-cae.mgo4apps.com/vendor/laravel/framework/src/Illuminate/Routing/Router.php(533): Illuminate\Routing\Router->runRouteWithinStack(Object(Illuminate\Routing\Route), Object(Illuminate\Http\Request))
#39 /var/www/html/sepides-cae.mgo4apps.com/vendor/laravel/framework/src/Illuminate/Routing/Router.php(511): Illuminate\Routing\Router->dispatchToRoute(Object(Illuminate\Http\Request))
#40 /var/www/html/sepides-cae.mgo4apps.com/vendor/laravel/framework/src/Illuminate/Foundation/Http/Kernel.php(176): Illuminate\Routing\Router->dispatch(Object(Illuminate\Http\Request))
#41 /var/www/html/sepides-cae.mgo4apps.com/vendor/laravel/framework/src/Illuminate/Routing/Pipeline.php(30): Illuminate\Foundation\Http\Kernel->Illuminate\Foundation\Http\{closure}(Object(Illuminate\Http\Request))
#42 /var/www/html/sepides-cae.mgo4apps.com/vendor/laravel/framework/src/Illuminate/Foundation/Http/Middleware/CheckForMaintenanceMode.php(46): Illuminate\Routing\Pipeline->Illuminate\Routing\{closure}(Object(Illuminate\Http\Request))
#43 /var/www/html/sepides-cae.mgo4apps.com/vendor/laravel/framework/src/Illuminate/Pipeline/Pipeline.php(148): Illuminate\Foundation\Http\Middleware\CheckForMaintenanceMode->handle(Object(Illuminate\Http\Request), Object(Closure))
#44 /var/www/html/sepides-cae.mgo4apps.com/vendor/laravel/framework/src/Illuminate/Routing/Pipeline.php(53): Illuminate\Pipeline\Pipeline->Illuminate\Pipeline\{closure}(Object(Illuminate\Http\Request))
#45 /var/www/html/sepides-cae.mgo4apps.com/vendor/laravel/framework/src/Illuminate/Pipeline/Pipeline.php(102): Illuminate\Routing\Pipeline->Illuminate\Routing\{closure}(Object(Illuminate\Http\Request))
#46 /var/www/html/sepides-cae.mgo4apps.com/vendor/laravel/framework/src/Illuminate/Foundation/Http/Kernel.php(151): Illuminate\Pipeline\Pipeline->then(Object(Closure))
#47 /var/www/html/sepides-cae.mgo4apps.com/vendor/laravel/framework/src/Illuminate/Foundation/Http/Kernel.php(116): Illuminate\Foundation\Http\Kernel->sendRequestThroughRouter(Object(Illuminate\Http\Request))
#48 /var/www/html/sepides-cae.mgo4apps.com/public/index.php(53): Illuminate\Foundation\Http\Kernel->handle(Object(Illuminate\Http\Request))
#49 {main}  
[2019-01-15 10:06:55] production.ERROR: ErrorException: count(): Parameter must be an array or an object that implements Countable in /var/www/html/sepides-cae.mgo4apps.com/vendor/yajra/laravel-datatables-oracle/src/Engines/CollectionEngine.php:211
Stack trace:
#0 [internal function]: Illuminate\Foundation\Bootstrap\HandleExceptions->handleError(2, 'count(): Parame...', '/var/www/html/s...', 211, Array)
#1 /var/www/html/sepides-cae.mgo4apps.com/vendor/yajra/laravel-datatables-oracle/src/Engines/CollectionEngine.php(211): count(NULL)
#2 /var/www/html/sepides-cae.mgo4apps.com/vendor/yajra/laravel-datatables-oracle/src/Engines/BaseEngine.php(533): Yajra\Datatables\Engines\CollectionEngine->columnSearch()
#3 /var/www/html/sepides-cae.mgo4apps.com/vendor/yajra/laravel-datatables-oracle/src/Engines/CollectionEngine.php(284): Yajra\Datatables\Engines\BaseEngine->filterRecords()
#4 /var/www/html/sepides-cae.mgo4apps.com/app/Http/Controllers/Contratos/ContratosDocumentacionTrait.php(273): Yajra\Datatables\Engines\CollectionEngine->make(true)
#5 [internal function]: App\Http\Controllers\Contratos\ContratosController->docFaltanteData(Object(Illuminate\Http\Request))
#6 /var/www/html/sepides-cae.mgo4apps.com/vendor/laravel/framework/src/Illuminate/Routing/Controller.php(55): call_user_func_array(Array, Array)
#7 /var/www/html/sepides-cae.mgo4apps.com/vendor/laravel/framework/src/Illuminate/Routing/ControllerDispatcher.php(44): Illuminate\Routing\Controller->callAction('docFaltanteData', Array)
#8 /var/www/html/sepides-cae.mgo4apps.com/vendor/laravel/framework/src/Illuminate/Routing/Route.php(203): Illuminate\Routing\ControllerDispatcher->dispatch(Object(Illuminate\Routing\Route), Object(App\Http\Controllers\Contratos\ContratosController), 'docFaltanteData')
#9 /var/www/html/sepides-cae.mgo4apps.com/vendor/laravel/framework/src/Illuminate/Routing/Route.php(160): Illuminate\Routing\Route->runController()
#10 /var/www/html/sepides-cae.mgo4apps.com/vendor/laravel/framework/src/Illuminate/Routing/Router.php(572): Illuminate\Routing\Route->run()
#11 /var/www/html/sepides-cae.mgo4apps.com/vendor/laravel/framework/src/Illuminate/Routing/Pipeline.php(30): Illuminate\Routing\Router->Illuminate\Routing\{closure}(Object(Illuminate\Http\Request))
#12 /var/www/html/sepides-cae.mgo4apps.com/app/Http/Middleware/Authenticate.php(28): Illuminate\Routing\Pipeline->Illuminate\Routing\{closure}(Object(Illuminate\Http\Request))
#13 /var/www/html/sepides-cae.mgo4apps.com/vendor/laravel/framework/src/Illuminate/Pipeline/Pipeline.php(148): App\Http\Middleware\Authenticate->handle(Object(Illuminate\Http\Request), Object(Closure))
#14 /var/www/html/sepides-cae.mgo4apps.com/vendor/laravel/framework/src/Illuminate/Routing/Pipeline.php(53): Illuminate\Pipeline\Pipeline->Illuminate\Pipeline\{closure}(Object(Illuminate\Http\Request))
#15 /var/www/html/sepides-cae.mgo4apps.com/vendor/yajra/laravel-acl/src/Middleware/PermissionMiddleware.php(33): Illuminate\Routing\Pipeline->Illuminate\Routing\{closure}(Object(Illuminate\Http\Request))
#16 /var/www/html/sepides-cae.mgo4apps.com/vendor/laravel/framework/src/Illuminate/Pipeline/Pipeline.php(148): Yajra\Acl\Middleware\PermissionMiddleware->handle(Object(Illuminate\Http\Request), Object(Closure), 'contratos.view')
#17 /var/www/html/sepides-cae.mgo4apps.com/vendor/laravel/framework/src/Illuminate/Routing/Pipeline.php(53): Illuminate\Pipeline\Pipeline->Illuminate\Pipeline\{closure}(Object(Illuminate\Http\Request))
#18 /var/www/html/sepides-cae.mgo4apps.com/app/Http/Middleware/SessionTimeout.php(53): Illuminate\Routing\Pipeline->Illuminate\Routing\{closure}(Object(Illuminate\Http\Request))
#19 /var/www/html/sepides-cae.mgo4apps.com/vendor/laravel/framework/src/Illuminate/Pipeline/Pipeline.php(148): App\Http\Middleware\SessionTimeout->handle(Object(Illuminate\Http\Request), Object(Closure))
#20 /var/www/html/sepides-cae.mgo4apps.com/vendor/laravel/framework/src/Illuminate/Routing/Pipeline.php(53): Illuminate\Pipeline\Pipeline->Illuminate\Pipeline\{closure}(Object(Illuminate\Http\Request))
#21 /var/www/html/sepides-cae.mgo4apps.com/vendor/laravel/framework/src/Illuminate/Foundation/Http/Middleware/VerifyCsrfToken.php(65): Illuminate\Routing\Pipeline->Illuminate\Routing\{closure}(Object(Illuminate\Http\Request))
#22 /var/www/html/sepides-cae.mgo4apps.com/vendor/laravel/framework/src/Illuminate/Pipeline/Pipeline.php(148): Illuminate\Foundation\Http\Middleware\VerifyCsrfToken->handle(Object(Illuminate\Http\Request), Object(Closure))
#23 /var/www/html/sepides-cae.mgo4apps.com/vendor/laravel/framework/src/Illuminate/Routing/Pipeline.php(53): Illuminate\Pipeline\Pipeline->Illuminate\Pipeline\{closure}(Object(Illuminate\Http\Request))
#24 /var/www/html/sepides-cae.mgo4apps.com/vendor/laravel/framework/src/Illuminate/View/Middleware/ShareErrorsFromSession.php(49): Illuminate\Routing\Pipeline->Illuminate\Routing\{closure}(Object(Illuminate\Http\Request))
#25 /var/www/html/sepides-cae.mgo4apps.com/vendor/laravel/framework/src/Illuminate/Pipeline/Pipeline.php(148): Illuminate\View\Middleware\ShareErrorsFromSession->handle(Object(Illuminate\Http\Request), Object(Closure))
#26 /var/www/html/sepides-cae.mgo4apps.com/vendor/laravel/framework/src/Illuminate/Routing/Pipeline.php(53): Illuminate\Pipeline\Pipeline->Illuminate\Pipeline\{closure}(Object(Illuminate\Http\Request))
#27 /var/www/html/sepides-cae.mgo4apps.com/vendor/laravel/framework/src/Illuminate/Session/Middleware/StartSession.php(64): Illuminate\Routing\Pipeline->Illuminate\Routing\{closure}(Object(Illuminate\Http\Request))
#28 /var/www/html/sepides-cae.mgo4apps.com/vendor/laravel/framework/src/Illuminate/Pipeline/Pipeline.php(148): Illuminate\Session\Middleware\StartSession->handle(Object(Illuminate\Http\Request), Object(Closure))
#29 /var/www/html/sepides-cae.mgo4apps.com/vendor/laravel/framework/src/Illuminate/Routing/Pipeline.php(53): Illuminate\Pipeline\Pipeline->Illuminate\Pipeline\{closure}(Object(Illuminate\Http\Request))
#30 /var/www/html/sepides-cae.mgo4apps.com/vendor/laravel/framework/src/Illuminate/Cookie/Middleware/AddQueuedCookiesToResponse.php(37): Illuminate\Routing\Pipeline->Illuminate\Routing\{closure}(Object(Illuminate\Http\Request))
#31 /var/www/html/sepides-cae.mgo4apps.com/vendor/laravel/framework/src/Illuminate/Pipeline/Pipeline.php(148): Illuminate\Cookie\Middleware\AddQueuedCookiesToResponse->handle(Object(Illuminate\Http\Request), Object(Closure))
#32 /var/www/html/sepides-cae.mgo4apps.com/vendor/laravel/framework/src/Illuminate/Routing/Pipeline.php(53): Illuminate\Pipeline\Pipeline->Illuminate\Pipeline\{closure}(Object(Illuminate\Http\Request))
#33 /var/www/html/sepides-cae.mgo4apps.com/vendor/laravel/framework/src/Illuminate/Cookie/Middleware/EncryptCookies.php(59): Illuminate\Routing\Pipeline->Illuminate\Routing\{closure}(Object(Illuminate\Http\Request))
#34 /var/www/html/sepides-cae.mgo4apps.com/vendor/laravel/framework/src/Illuminate/Pipeline/Pipeline.php(148): Illuminate\Cookie\Middleware\EncryptCookies->handle(Object(Illuminate\Http\Request), Object(Closure))
#35 /var/www/html/sepides-cae.mgo4apps.com/vendor/laravel/framework/src/Illuminate/Routing/Pipeline.php(53): Illuminate\Pipeline\Pipeline->Illuminate\Pipeline\{closure}(Object(Illuminate\Http\Request))
#36 /var/www/html/sepides-cae.mgo4apps.com/vendor/laravel/framework/src/Illuminate/Pipeline/Pipeline.php(102): Illuminate\Routing\Pipeline->Illuminate\Routing\{closure}(Object(Illuminate\Http\Request))
#37 /var/www/html/sepides-cae.mgo4apps.com/vendor/laravel/framework/src/Illuminate/Routing/Router.php(574): Illuminate\Pipeline\Pipeline->then(Object(Closure))
#38 /var/www/html/sepides-cae.mgo4apps.com/vendor/laravel/framework/src/Illuminate/Routing/Router.php(533): Illuminate\Routing\Router->runRouteWithinStack(Object(Illuminate\Routing\Route), Object(Illuminate\Http\Request))
#39 /var/www/html/sepides-cae.mgo4apps.com/vendor/laravel/framework/src/Illuminate/Routing/Router.php(511): Illuminate\Routing\Router->dispatchToRoute(Object(Illuminate\Http\Request))
#40 /var/www/html/sepides-cae.mgo4apps.com/vendor/laravel/framework/src/Illuminate/Foundation/Http/Kernel.php(176): Illuminate\Routing\Router->dispatch(Object(Illuminate\Http\Request))
#41 /var/www/html/sepides-cae.mgo4apps.com/vendor/laravel/framework/src/Illuminate/Routing/Pipeline.php(30): Illuminate\Foundation\Http\Kernel->Illuminate\Foundation\Http\{closure}(Object(Illuminate\Http\Request))
#42 /var/www/html/sepides-cae.mgo4apps.com/vendor/laravel/framework/src/Illuminate/Foundation/Http/Middleware/CheckForMaintenanceMode.php(46): Illuminate\Routing\Pipeline->Illuminate\Routing\{closure}(Object(Illuminate\Http\Request))
#43 /var/www/html/sepides-cae.mgo4apps.com/vendor/laravel/framework/src/Illuminate/Pipeline/Pipeline.php(148): Illuminate\Foundation\Http\Middleware\CheckForMaintenanceMode->handle(Object(Illuminate\Http\Request), Object(Closure))
#44 /var/www/html/sepides-cae.mgo4apps.com/vendor/laravel/framework/src/Illuminate/Routing/Pipeline.php(53): Illuminate\Pipeline\Pipeline->Illuminate\Pipeline\{closure}(Object(Illuminate\Http\Request))
#45 /var/www/html/sepides-cae.mgo4apps.com/vendor/laravel/framework/src/Illuminate/Pipeline/Pipeline.php(102): Illuminate\Routing\Pipeline->Illuminate\Routing\{closure}(Object(Illuminate\Http\Request))
#46 /var/www/html/sepides-cae.mgo4apps.com/vendor/laravel/framework/src/Illuminate/Foundation/Http/Kernel.php(151): Illuminate\Pipeline\Pipeline->then(Object(Closure))
#47 /var/www/html/sepides-cae.mgo4apps.com/vendor/laravel/framework/src/Illuminate/Foundation/Http/Kernel.php(116): Illuminate\Foundation\Http\Kernel->sendRequestThroughRouter(Object(Illuminate\Http\Request))
#48 /var/www/html/sepides-cae.mgo4apps.com/public/index.php(53): Illuminate\Foundation\Http\Kernel->handle(Object(Illuminate\Http\Request))
#49 {main}  
[2019-01-15 10:06:56] production.ERROR: ErrorException: count(): Parameter must be an array or an object that implements Countable in /var/www/html/sepides-cae.mgo4apps.com/vendor/yajra/laravel-datatables-oracle/src/Engines/CollectionEngine.php:211
Stack trace:
#0 [internal function]: Illuminate\Foundation\Bootstrap\HandleExceptions->handleError(2, 'count(): Parame...', '/var/www/html/s...', 211, Array)
#1 /var/www/html/sepides-cae.mgo4apps.com/vendor/yajra/laravel-datatables-oracle/src/Engines/CollectionEngine.php(211): count(NULL)
#2 /var/www/html/sepides-cae.mgo4apps.com/vendor/yajra/laravel-datatables-oracle/src/Engines/BaseEngine.php(533): Yajra\Datatables\Engines\CollectionEngine->columnSearch()
#3 /var/www/html/sepides-cae.mgo4apps.com/vendor/yajra/laravel-datatables-oracle/src/Engines/CollectionEngine.php(284): Yajra\Datatables\Engines\BaseEngine->filterRecords()
#4 /var/www/html/sepides-cae.mgo4apps.com/app/Http/Controllers/Contratos/ContratosController.php(386): Yajra\Datatables\Engines\CollectionEngine->make(true)
#5 [internal function]: App\Http\Controllers\Contratos\ContratosController->centrosData(Object(Illuminate\Http\Request))
#6 /var/www/html/sepides-cae.mgo4apps.com/vendor/laravel/framework/src/Illuminate/Routing/Controller.php(55): call_user_func_array(Array, Array)
#7 /var/www/html/sepides-cae.mgo4apps.com/vendor/laravel/framework/src/Illuminate/Routing/ControllerDispatcher.php(44): Illuminate\Routing\Controller->callAction('centrosData', Array)
#8 /var/www/html/sepides-cae.mgo4apps.com/vendor/laravel/framework/src/Illuminate/Routing/Route.php(203): Illuminate\Routing\ControllerDispatcher->dispatch(Object(Illuminate\Routing\Route), Object(App\Http\Controllers\Contratos\ContratosController), 'centrosData')
#9 /var/www/html/sepides-cae.mgo4apps.com/vendor/laravel/framework/src/Illuminate/Routing/Route.php(160): Illuminate\Routing\Route->runController()
#10 /var/www/html/sepides-cae.mgo4apps.com/vendor/laravel/framework/src/Illuminate/Routing/Router.php(572): Illuminate\Routing\Route->run()
#11 /var/www/html/sepides-cae.mgo4apps.com/vendor/laravel/framework/src/Illuminate/Routing/Pipeline.php(30): Illuminate\Routing\Router->Illuminate\Routing\{closure}(Object(Illuminate\Http\Request))
#12 /var/www/html/sepides-cae.mgo4apps.com/app/Http/Middleware/Authenticate.php(28): Illuminate\Routing\Pipeline->Illuminate\Routing\{closure}(Object(Illuminate\Http\Request))
#13 /var/www/html/sepides-cae.mgo4apps.com/vendor/laravel/framework/src/Illuminate/Pipeline/Pipeline.php(148): App\Http\Middleware\Authenticate->handle(Object(Illuminate\Http\Request), Object(Closure))
#14 /var/www/html/sepides-cae.mgo4apps.com/vendor/laravel/framework/src/Illuminate/Routing/Pipeline.php(53): Illuminate\Pipeline\Pipeline->Illuminate\Pipeline\{closure}(Object(Illuminate\Http\Request))
#15 /var/www/html/sepides-cae.mgo4apps.com/vendor/yajra/laravel-acl/src/Middleware/PermissionMiddleware.php(33): Illuminate\Routing\Pipeline->Illuminate\Routing\{closure}(Object(Illuminate\Http\Request))
#16 /var/www/html/sepides-cae.mgo4apps.com/vendor/laravel/framework/src/Illuminate/Pipeline/Pipeline.php(148): Yajra\Acl\Middleware\PermissionMiddleware->handle(Object(Illuminate\Http\Request), Object(Closure), 'contratos.view')
#17 /var/www/html/sepides-cae.mgo4apps.com/vendor/laravel/framework/src/Illuminate/Routing/Pipeline.php(53): Illuminate\Pipeline\Pipeline->Illuminate\Pipeline\{closure}(Object(Illuminate\Http\Request))
#18 /var/www/html/sepides-cae.mgo4apps.com/app/Http/Middleware/SessionTimeout.php(53): Illuminate\Routing\Pipeline->Illuminate\Routing\{closure}(Object(Illuminate\Http\Request))
#19 /var/www/html/sepides-cae.mgo4apps.com/vendor/laravel/framework/src/Illuminate/Pipeline/Pipeline.php(148): App\Http\Middleware\SessionTimeout->handle(Object(Illuminate\Http\Request), Object(Closure))
#20 /var/www/html/sepides-cae.mgo4apps.com/vendor/laravel/framework/src/Illuminate/Routing/Pipeline.php(53): Illuminate\Pipeline\Pipeline->Illuminate\Pipeline\{closure}(Object(Illuminate\Http\Request))
#21 /var/www/html/sepides-cae.mgo4apps.com/vendor/laravel/framework/src/Illuminate/Foundation/Http/Middleware/VerifyCsrfToken.php(65): Illuminate\Routing\Pipeline->Illuminate\Routing\{closure}(Object(Illuminate\Http\Request))
#22 /var/www/html/sepides-cae.mgo4apps.com/vendor/laravel/framework/src/Illuminate/Pipeline/Pipeline.php(148): Illuminate\Foundation\Http\Middleware\VerifyCsrfToken->handle(Object(Illuminate\Http\Request), Object(Closure))
#23 /var/www/html/sepides-cae.mgo4apps.com/vendor/laravel/framework/src/Illuminate/Routing/Pipeline.php(53): Illuminate\Pipeline\Pipeline->Illuminate\Pipeline\{closure}(Object(Illuminate\Http\Request))
#24 /var/www/html/sepides-cae.mgo4apps.com/vendor/laravel/framework/src/Illuminate/View/Middleware/ShareErrorsFromSession.php(49): Illuminate\Routing\Pipeline->Illuminate\Routing\{closure}(Object(Illuminate\Http\Request))
#25 /var/www/html/sepides-cae.mgo4apps.com/vendor/laravel/framework/src/Illuminate/Pipeline/Pipeline.php(148): Illuminate\View\Middleware\ShareErrorsFromSession->handle(Object(Illuminate\Http\Request), Object(Closure))
#26 /var/www/html/sepides-cae.mgo4apps.com/vendor/laravel/framework/src/Illuminate/Routing/Pipeline.php(53): Illuminate\Pipeline\Pipeline->Illuminate\Pipeline\{closure}(Object(Illuminate\Http\Request))
#27 /var/www/html/sepides-cae.mgo4apps.com/vendor/laravel/framework/src/Illuminate/Session/Middleware/StartSession.php(64): Illuminate\Routing\Pipeline->Illuminate\Routing\{closure}(Object(Illuminate\Http\Request))
#28 /var/www/html/sepides-cae.mgo4apps.com/vendor/laravel/framework/src/Illuminate/Pipeline/Pipeline.php(148): Illuminate\Session\Middleware\StartSession->handle(Object(Illuminate\Http\Request), Object(Closure))
#29 /var/www/html/sepides-cae.mgo4apps.com/vendor/laravel/framework/src/Illuminate/Routing/Pipeline.php(53): Illuminate\Pipeline\Pipeline->Illuminate\Pipeline\{closure}(Object(Illuminate\Http\Request))
#30 /var/www/html/sepides-cae.mgo4apps.com/vendor/laravel/framework/src/Illuminate/Cookie/Middleware/AddQueuedCookiesToResponse.php(37): Illuminate\Routing\Pipeline->Illuminate\Routing\{closure}(Object(Illuminate\Http\Request))
#31 /var/www/html/sepides-cae.mgo4apps.com/vendor/laravel/framework/src/Illuminate/Pipeline/Pipeline.php(148): Illuminate\Cookie\Middleware\AddQueuedCookiesToResponse->handle(Object(Illuminate\Http\Request), Object(Closure))
#32 /var/www/html/sepides-cae.mgo4apps.com/vendor/laravel/framework/src/Illuminate/Routing/Pipeline.php(53): Illuminate\Pipeline\Pipeline->Illuminate\Pipeline\{closure}(Object(Illuminate\Http\Request))
#33 /var/www/html/sepides-cae.mgo4apps.com/vendor/laravel/framework/src/Illuminate/Cookie/Middleware/EncryptCookies.php(59): Illuminate\Routing\Pipeline->Illuminate\Routing\{closure}(Object(Illuminate\Http\Request))
#34 /var/www/html/sepides-cae.mgo4apps.com/vendor/laravel/framework/src/Illuminate/Pipeline/Pipeline.php(148): Illuminate\Cookie\Middleware\EncryptCookies->handle(Object(Illuminate\Http\Request), Object(Closure))
#35 /var/www/html/sepides-cae.mgo4apps.com/vendor/laravel/framework/src/Illuminate/Routing/Pipeline.php(53): Illuminate\Pipeline\Pipeline->Illuminate\Pipeline\{closure}(Object(Illuminate\Http\Request))
#36 /var/www/html/sepides-cae.mgo4apps.com/vendor/laravel/framework/src/Illuminate/Pipeline/Pipeline.php(102): Illuminate\Routing\Pipeline->Illuminate\Routing\{closure}(Object(Illuminate\Http\Request))
#37 /var/www/html/sepides-cae.mgo4apps.com/vendor/laravel/framework/src/Illuminate/Routing/Router.php(574): Illuminate\Pipeline\Pipeline->then(Object(Closure))
#38 /var/www/html/sepides-cae.mgo4apps.com/vendor/laravel/framework/src/Illuminate/Routing/Router.php(533): Illuminate\Routing\Router->runRouteWithinStack(Object(Illuminate\Routing\Route), Object(Illuminate\Http\Request))
#39 /var/www/html/sepides-cae.mgo4apps.com/vendor/laravel/framework/src/Illuminate/Routing/Router.php(511): Illuminate\Routing\Router->dispatchToRoute(Object(Illuminate\Http\Request))
#40 /var/www/html/sepides-cae.mgo4apps.com/vendor/laravel/framework/src/Illuminate/Foundation/Http/Kernel.php(176): Illuminate\Routing\Router->dispatch(Object(Illuminate\Http\Request))
#41 /var/www/html/sepides-cae.mgo4apps.com/vendor/laravel/framework/src/Illuminate/Routing/Pipeline.php(30): Illuminate\Foundation\Http\Kernel->Illuminate\Foundation\Http\{closure}(Object(Illuminate\Http\Request))
#42 /var/www/html/sepides-cae.mgo4apps.com/vendor/laravel/framework/src/Illuminate/Foundation/Http/Middleware/CheckForMaintenanceMode.php(46): Illuminate\Routing\Pipeline->Illuminate\Routing\{closure}(Object(Illuminate\Http\Request))
#43 /var/www/html/sepides-cae.mgo4apps.com/vendor/laravel/framework/src/Illuminate/Pipeline/Pipeline.php(148): Illuminate\Foundation\Http\Middleware\CheckForMaintenanceMode->handle(Object(Illuminate\Http\Request), Object(Closure))
#44 /var/www/html/sepides-cae.mgo4apps.com/vendor/laravel/framework/src/Illuminate/Routing/Pipeline.php(53): Illuminate\Pipeline\Pipeline->Illuminate\Pipeline\{closure}(Object(Illuminate\Http\Request))
#45 /var/www/html/sepides-cae.mgo4apps.com/vendor/laravel/framework/src/Illuminate/Pipeline/Pipeline.php(102): Illuminate\Routing\Pipeline->Illuminate\Routing\{closure}(Object(Illuminate\Http\Request))
#46 /var/www/html/sepides-cae.mgo4apps.com/vendor/laravel/framework/src/Illuminate/Foundation/Http/Kernel.php(151): Illuminate\Pipeline\Pipeline->then(Object(Closure))
#47 /var/www/html/sepides-cae.mgo4apps.com/vendor/laravel/framework/src/Illuminate/Foundation/Http/Kernel.php(116): Illuminate\Foundation\Http\Kernel->sendRequestThroughRouter(Object(Illuminate\Http\Request))
#48 /var/www/html/sepides-cae.mgo4apps.com/public/index.php(53): Illuminate\Foundation\Http\Kernel->handle(Object(Illuminate\Http\Request))
#49 {main}  
[2019-01-15 10:13:55] production.ERROR: ErrorException: count(): Parameter must be an array or an object that implements Countable in /var/www/html/sepides-cae.mgo4apps.com/vendor/yajra/laravel-datatables-oracle/src/Engines/CollectionEngine.php:211
Stack trace:
#0 [internal function]: Illuminate\Foundation\Bootstrap\HandleExceptions->handleError(2, 'count(): Parame...', '/var/www/html/s...', 211, Array)
#1 /var/www/html/sepides-cae.mgo4apps.com/vendor/yajra/laravel-datatables-oracle/src/Engines/CollectionEngine.php(211): count(NULL)
#2 /var/www/html/sepides-cae.mgo4apps.com/vendor/yajra/laravel-datatables-oracle/src/Engines/BaseEngine.php(533): Yajra\Datatables\Engines\CollectionEngine->columnSearch()
#3 /var/www/html/sepides-cae.mgo4apps.com/vendor/yajra/laravel-datatables-oracle/src/Engines/CollectionEngine.php(284): Yajra\Datatables\Engines\BaseEngine->filterRecords()
#4 /var/www/html/sepides-cae.mgo4apps.com/app/Http/Controllers/Contratos/ContratosDocumentacionTrait.php(204): Yajra\Datatables\Engines\CollectionEngine->make(true)
#5 [internal function]: App\Http\Controllers\Contratos\ContratosController->listaDocumentacion(Object(Illuminate\Http\Request))
#6 /var/www/html/sepides-cae.mgo4apps.com/vendor/laravel/framework/src/Illuminate/Routing/Controller.php(55): call_user_func_array(Array, Array)
#7 /var/www/html/sepides-cae.mgo4apps.com/vendor/laravel/framework/src/Illuminate/Routing/ControllerDispatcher.php(44): Illuminate\Routing\Controller->callAction('listaDocumentac...', Array)
#8 /var/www/html/sepides-cae.mgo4apps.com/vendor/laravel/framework/src/Illuminate/Routing/Route.php(203): Illuminate\Routing\ControllerDispatcher->dispatch(Object(Illuminate\Routing\Route), Object(App\Http\Controllers\Contratos\ContratosController), 'listaDocumentac...')
#9 /var/www/html/sepides-cae.mgo4apps.com/vendor/laravel/framework/src/Illuminate/Routing/Route.php(160): Illuminate\Routing\Route->runController()
#10 /var/www/html/sepides-cae.mgo4apps.com/vendor/laravel/framework/src/Illuminate/Routing/Router.php(572): Illuminate\Routing\Route->run()
#11 /var/www/html/sepides-cae.mgo4apps.com/vendor/laravel/framework/src/Illuminate/Routing/Pipeline.php(30): Illuminate\Routing\Router->Illuminate\Routing\{closure}(Object(Illuminate\Http\Request))
#12 /var/www/html/sepides-cae.mgo4apps.com/app/Http/Middleware/Authenticate.php(28): Illuminate\Routing\Pipeline->Illuminate\Routing\{closure}(Object(Illuminate\Http\Request))
#13 /var/www/html/sepides-cae.mgo4apps.com/vendor/laravel/framework/src/Illuminate/Pipeline/Pipeline.php(148): App\Http\Middleware\Authenticate->handle(Object(Illuminate\Http\Request), Object(Closure))
#14 /var/www/html/sepides-cae.mgo4apps.com/vendor/laravel/framework/src/Illuminate/Routing/Pipeline.php(53): Illuminate\Pipeline\Pipeline->Illuminate\Pipeline\{closure}(Object(Illuminate\Http\Request))
#15 /var/www/html/sepides-cae.mgo4apps.com/vendor/yajra/laravel-acl/src/Middleware/CanAtLeastMiddleware.php(25): Illuminate\Routing\Pipeline->Illuminate\Routing\{closure}(Object(Illuminate\Http\Request))
#16 /var/www/html/sepides-cae.mgo4apps.com/vendor/laravel/framework/src/Illuminate/Pipeline/Pipeline.php(148): Yajra\Acl\Middleware\CanAtLeastMiddleware->handle(Object(Illuminate\Http\Request), Object(Closure), 'contratos.exter...', 'contratos.updat...')
#17 /var/www/html/sepides-cae.mgo4apps.com/vendor/laravel/framework/src/Illuminate/Routing/Pipeline.php(53): Illuminate\Pipeline\Pipeline->Illuminate\Pipeline\{closure}(Object(Illuminate\Http\Request))
#18 /var/www/html/sepides-cae.mgo4apps.com/app/Http/Middleware/SessionTimeout.php(53): Illuminate\Routing\Pipeline->Illuminate\Routing\{closure}(Object(Illuminate\Http\Request))
#19 /var/www/html/sepides-cae.mgo4apps.com/vendor/laravel/framework/src/Illuminate/Pipeline/Pipeline.php(148): App\Http\Middleware\SessionTimeout->handle(Object(Illuminate\Http\Request), Object(Closure))
#20 /var/www/html/sepides-cae.mgo4apps.com/vendor/laravel/framework/src/Illuminate/Routing/Pipeline.php(53): Illuminate\Pipeline\Pipeline->Illuminate\Pipeline\{closure}(Object(Illuminate\Http\Request))
#21 /var/www/html/sepides-cae.mgo4apps.com/vendor/laravel/framework/src/Illuminate/Foundation/Http/Middleware/VerifyCsrfToken.php(65): Illuminate\Routing\Pipeline->Illuminate\Routing\{closure}(Object(Illuminate\Http\Request))
#22 /var/www/html/sepides-cae.mgo4apps.com/vendor/laravel/framework/src/Illuminate/Pipeline/Pipeline.php(148): Illuminate\Foundation\Http\Middleware\VerifyCsrfToken->handle(Object(Illuminate\Http\Request), Object(Closure))
#23 /var/www/html/sepides-cae.mgo4apps.com/vendor/laravel/framework/src/Illuminate/Routing/Pipeline.php(53): Illuminate\Pipeline\Pipeline->Illuminate\Pipeline\{closure}(Object(Illuminate\Http\Request))
#24 /var/www/html/sepides-cae.mgo4apps.com/vendor/laravel/framework/src/Illuminate/View/Middleware/ShareErrorsFromSession.php(49): Illuminate\Routing\Pipeline->Illuminate\Routing\{closure}(Object(Illuminate\Http\Request))
#25 /var/www/html/sepides-cae.mgo4apps.com/vendor/laravel/framework/src/Illuminate/Pipeline/Pipeline.php(148): Illuminate\View\Middleware\ShareErrorsFromSession->handle(Object(Illuminate\Http\Request), Object(Closure))
#26 /var/www/html/sepides-cae.mgo4apps.com/vendor/laravel/framework/src/Illuminate/Routing/Pipeline.php(53): Illuminate\Pipeline\Pipeline->Illuminate\Pipeline\{closure}(Object(Illuminate\Http\Request))
#27 /var/www/html/sepides-cae.mgo4apps.com/vendor/laravel/framework/src/Illuminate/Session/Middleware/StartSession.php(64): Illuminate\Routing\Pipeline->Illuminate\Routing\{closure}(Object(Illuminate\Http\Request))
#28 /var/www/html/sepides-cae.mgo4apps.com/vendor/laravel/framework/src/Illuminate/Pipeline/Pipeline.php(148): Illuminate\Session\Middleware\StartSession->handle(Object(Illuminate\Http\Request), Object(Closure))
#29 /var/www/html/sepides-cae.mgo4apps.com/vendor/laravel/framework/src/Illuminate/Routing/Pipeline.php(53): Illuminate\Pipeline\Pipeline->Illuminate\Pipeline\{closure}(Object(Illuminate\Http\Request))
#30 /var/www/html/sepides-cae.mgo4apps.com/vendor/laravel/framework/src/Illuminate/Cookie/Middleware/AddQueuedCookiesToResponse.php(37): Illuminate\Routing\Pipeline->Illuminate\Routing\{closure}(Object(Illuminate\Http\Request))
#31 /var/www/html/sepides-cae.mgo4apps.com/vendor/laravel/framework/src/Illuminate/Pipeline/Pipeline.php(148): Illuminate\Cookie\Middleware\AddQueuedCookiesToResponse->handle(Object(Illuminate\Http\Request), Object(Closure))
#32 /var/www/html/sepides-cae.mgo4apps.com/vendor/laravel/framework/src/Illuminate/Routing/Pipeline.php(53): Illuminate\Pipeline\Pipeline->Illuminate\Pipeline\{closure}(Object(Illuminate\Http\Request))
#33 /var/www/html/sepides-cae.mgo4apps.com/vendor/laravel/framework/src/Illuminate/Cookie/Middleware/EncryptCookies.php(59): Illuminate\Routing\Pipeline->Illuminate\Routing\{closure}(Object(Illuminate\Http\Request))
#34 /var/www/html/sepides-cae.mgo4apps.com/vendor/laravel/framework/src/Illuminate/Pipeline/Pipeline.php(148): Illuminate\Cookie\Middleware\EncryptCookies->handle(Object(Illuminate\Http\Request), Object(Closure))
#35 /var/www/html/sepides-cae.mgo4apps.com/vendor/laravel/framework/src/Illuminate/Routing/Pipeline.php(53): Illuminate\Pipeline\Pipeline->Illuminate\Pipeline\{closure}(Object(Illuminate\Http\Request))
#36 /var/www/html/sepides-cae.mgo4apps.com/vendor/laravel/framework/src/Illuminate/Pipeline/Pipeline.php(102): Illuminate\Routing\Pipeline->Illuminate\Routing\{closure}(Object(Illuminate\Http\Request))
#37 /var/www/html/sepides-cae.mgo4apps.com/vendor/laravel/framework/src/Illuminate/Routing/Router.php(574): Illuminate\Pipeline\Pipeline->then(Object(Closure))
#38 /var/www/html/sepides-cae.mgo4apps.com/vendor/laravel/framework/src/Illuminate/Routing/Router.php(533): Illuminate\Routing\Router->runRouteWithinStack(Object(Illuminate\Routing\Route), Object(Illuminate\Http\Request))
#39 /var/www/html/sepides-cae.mgo4apps.com/vendor/laravel/framework/src/Illuminate/Routing/Router.php(511): Illuminate\Routing\Router->dispatchToRoute(Object(Illuminate\Http\Request))
#40 /var/www/html/sepides-cae.mgo4apps.com/vendor/laravel/framework/src/Illuminate/Foundation/Http/Kernel.php(176): Illuminate\Routing\Router->dispatch(Object(Illuminate\Http\Request))
#41 /var/www/html/sepides-cae.mgo4apps.com/vendor/laravel/framework/src/Illuminate/Routing/Pipeline.php(30): Illuminate\Foundation\Http\Kernel->Illuminate\Foundation\Http\{closure}(Object(Illuminate\Http\Request))
#42 /var/www/html/sepides-cae.mgo4apps.com/vendor/laravel/framework/src/Illuminate/Foundation/Http/Middleware/CheckForMaintenanceMode.php(46): Illuminate\Routing\Pipeline->Illuminate\Routing\{closure}(Object(Illuminate\Http\Request))
#43 /var/www/html/sepides-cae.mgo4apps.com/vendor/laravel/framework/src/Illuminate/Pipeline/Pipeline.php(148): Illuminate\Foundation\Http\Middleware\CheckForMaintenanceMode->handle(Object(Illuminate\Http\Request), Object(Closure))
#44 /var/www/html/sepides-cae.mgo4apps.com/vendor/laravel/framework/src/Illuminate/Routing/Pipeline.php(53): Illuminate\Pipeline\Pipeline->Illuminate\Pipeline\{closure}(Object(Illuminate\Http\Request))
#45 /var/www/html/sepides-cae.mgo4apps.com/vendor/laravel/framework/src/Illuminate/Pipeline/Pipeline.php(102): Illuminate\Routing\Pipeline->Illuminate\Routing\{closure}(Object(Illuminate\Http\Request))
#46 /var/www/html/sepides-cae.mgo4apps.com/vendor/laravel/framework/src/Illuminate/Foundation/Http/Kernel.php(151): Illuminate\Pipeline\Pipeline->then(Object(Closure))
#47 /var/www/html/sepides-cae.mgo4apps.com/vendor/laravel/framework/src/Illuminate/Foundation/Http/Kernel.php(116): Illuminate\Foundation\Http\Kernel->sendRequestThroughRouter(Object(Illuminate\Http\Request))
#48 /var/www/html/sepides-cae.mgo4apps.com/public/index.php(53): Illuminate\Foundation\Http\Kernel->handle(Object(Illuminate\Http\Request))
#49 {main}  
[2019-01-15 10:14:06] production.ERROR: ErrorException: count(): Parameter must be an array or an object that implements Countable in /var/www/html/sepides-cae.mgo4apps.com/vendor/yajra/laravel-datatables-oracle/src/Engines/CollectionEngine.php:211
Stack trace:
#0 [internal function]: Illuminate\Foundation\Bootstrap\HandleExceptions->handleError(2, 'count(): Parame...', '/var/www/html/s...', 211, Array)
#1 /var/www/html/sepides-cae.mgo4apps.com/vendor/yajra/laravel-datatables-oracle/src/Engines/CollectionEngine.php(211): count(NULL)
#2 /var/www/html/sepides-cae.mgo4apps.com/vendor/yajra/laravel-datatables-oracle/src/Engines/BaseEngine.php(533): Yajra\Datatables\Engines\CollectionEngine->columnSearch()
#3 /var/www/html/sepides-cae.mgo4apps.com/vendor/yajra/laravel-datatables-oracle/src/Engines/CollectionEngine.php(284): Yajra\Datatables\Engines\BaseEngine->filterRecords()
#4 /var/www/html/sepides-cae.mgo4apps.com/app/Http/Controllers/Contratos/ContratosDocumentacionTrait.php(204): Yajra\Datatables\Engines\CollectionEngine->make(true)
#5 [internal function]: App\Http\Controllers\Contratos\ContratosController->listaDocumentacion(Object(Illuminate\Http\Request))
#6 /var/www/html/sepides-cae.mgo4apps.com/vendor/laravel/framework/src/Illuminate/Routing/Controller.php(55): call_user_func_array(Array, Array)
#7 /var/www/html/sepides-cae.mgo4apps.com/vendor/laravel/framework/src/Illuminate/Routing/ControllerDispatcher.php(44): Illuminate\Routing\Controller->callAction('listaDocumentac...', Array)
#8 /var/www/html/sepides-cae.mgo4apps.com/vendor/laravel/framework/src/Illuminate/Routing/Route.php(203): Illuminate\Routing\ControllerDispatcher->dispatch(Object(Illuminate\Routing\Route), Object(App\Http\Controllers\Contratos\ContratosController), 'listaDocumentac...')
#9 /var/www/html/sepides-cae.mgo4apps.com/vendor/laravel/framework/src/Illuminate/Routing/Route.php(160): Illuminate\Routing\Route->runController()
#10 /var/www/html/sepides-cae.mgo4apps.com/vendor/laravel/framework/src/Illuminate/Routing/Router.php(572): Illuminate\Routing\Route->run()
#11 /var/www/html/sepides-cae.mgo4apps.com/vendor/laravel/framework/src/Illuminate/Routing/Pipeline.php(30): Illuminate\Routing\Router->Illuminate\Routing\{closure}(Object(Illuminate\Http\Request))
#12 /var/www/html/sepides-cae.mgo4apps.com/app/Http/Middleware/Authenticate.php(28): Illuminate\Routing\Pipeline->Illuminate\Routing\{closure}(Object(Illuminate\Http\Request))
#13 /var/www/html/sepides-cae.mgo4apps.com/vendor/laravel/framework/src/Illuminate/Pipeline/Pipeline.php(148): App\Http\Middleware\Authenticate->handle(Object(Illuminate\Http\Request), Object(Closure))
#14 /var/www/html/sepides-cae.mgo4apps.com/vendor/laravel/framework/src/Illuminate/Routing/Pipeline.php(53): Illuminate\Pipeline\Pipeline->Illuminate\Pipeline\{closure}(Object(Illuminate\Http\Request))
#15 /var/www/html/sepides-cae.mgo4apps.com/vendor/yajra/laravel-acl/src/Middleware/CanAtLeastMiddleware.php(25): Illuminate\Routing\Pipeline->Illuminate\Routing\{closure}(Object(Illuminate\Http\Request))
#16 /var/www/html/sepides-cae.mgo4apps.com/vendor/laravel/framework/src/Illuminate/Pipeline/Pipeline.php(148): Yajra\Acl\Middleware\CanAtLeastMiddleware->handle(Object(Illuminate\Http\Request), Object(Closure), 'contratos.exter...', 'contratos.updat...')
#17 /var/www/html/sepides-cae.mgo4apps.com/vendor/laravel/framework/src/Illuminate/Routing/Pipeline.php(53): Illuminate\Pipeline\Pipeline->Illuminate\Pipeline\{closure}(Object(Illuminate\Http\Request))
#18 /var/www/html/sepides-cae.mgo4apps.com/app/Http/Middleware/SessionTimeout.php(53): Illuminate\Routing\Pipeline->Illuminate\Routing\{closure}(Object(Illuminate\Http\Request))
#19 /var/www/html/sepides-cae.mgo4apps.com/vendor/laravel/framework/src/Illuminate/Pipeline/Pipeline.php(148): App\Http\Middleware\SessionTimeout->handle(Object(Illuminate\Http\Request), Object(Closure))
#20 /var/www/html/sepides-cae.mgo4apps.com/vendor/laravel/framework/src/Illuminate/Routing/Pipeline.php(53): Illuminate\Pipeline\Pipeline->Illuminate\Pipeline\{closure}(Object(Illuminate\Http\Request))
#21 /var/www/html/sepides-cae.mgo4apps.com/vendor/laravel/framework/src/Illuminate/Foundation/Http/Middleware/VerifyCsrfToken.php(65): Illuminate\Routing\Pipeline->Illuminate\Routing\{closure}(Object(Illuminate\Http\Request))
#22 /var/www/html/sepides-cae.mgo4apps.com/vendor/laravel/framework/src/Illuminate/Pipeline/Pipeline.php(148): Illuminate\Foundation\Http\Middleware\VerifyCsrfToken->handle(Object(Illuminate\Http\Request), Object(Closure))
#23 /var/www/html/sepides-cae.mgo4apps.com/vendor/laravel/framework/src/Illuminate/Routing/Pipeline.php(53): Illuminate\Pipeline\Pipeline->Illuminate\Pipeline\{closure}(Object(Illuminate\Http\Request))
#24 /var/www/html/sepides-cae.mgo4apps.com/vendor/laravel/framework/src/Illuminate/View/Middleware/ShareErrorsFromSession.php(49): Illuminate\Routing\Pipeline->Illuminate\Routing\{closure}(Object(Illuminate\Http\Request))
#25 /var/www/html/sepides-cae.mgo4apps.com/vendor/laravel/framework/src/Illuminate/Pipeline/Pipeline.php(148): Illuminate\View\Middleware\ShareErrorsFromSession->handle(Object(Illuminate\Http\Request), Object(Closure))
#26 /var/www/html/sepides-cae.mgo4apps.com/vendor/laravel/framework/src/Illuminate/Routing/Pipeline.php(53): Illuminate\Pipeline\Pipeline->Illuminate\Pipeline\{closure}(Object(Illuminate\Http\Request))
#27 /var/www/html/sepides-cae.mgo4apps.com/vendor/laravel/framework/src/Illuminate/Session/Middleware/StartSession.php(64): Illuminate\Routing\Pipeline->Illuminate\Routing\{closure}(Object(Illuminate\Http\Request))
#28 /var/www/html/sepides-cae.mgo4apps.com/vendor/laravel/framework/src/Illuminate/Pipeline/Pipeline.php(148): Illuminate\Session\Middleware\StartSession->handle(Object(Illuminate\Http\Request), Object(Closure))
#29 /var/www/html/sepides-cae.mgo4apps.com/vendor/laravel/framework/src/Illuminate/Routing/Pipeline.php(53): Illuminate\Pipeline\Pipeline->Illuminate\Pipeline\{closure}(Object(Illuminate\Http\Request))
#30 /var/www/html/sepides-cae.mgo4apps.com/vendor/laravel/framework/src/Illuminate/Cookie/Middleware/AddQueuedCookiesToResponse.php(37): Illuminate\Routing\Pipeline->Illuminate\Routing\{closure}(Object(Illuminate\Http\Request))
#31 /var/www/html/sepides-cae.mgo4apps.com/vendor/laravel/framework/src/Illuminate/Pipeline/Pipeline.php(148): Illuminate\Cookie\Middleware\AddQueuedCookiesToResponse->handle(Object(Illuminate\Http\Request), Object(Closure))
#32 /var/www/html/sepides-cae.mgo4apps.com/vendor/laravel/framework/src/Illuminate/Routing/Pipeline.php(53): Illuminate\Pipeline\Pipeline->Illuminate\Pipeline\{closure}(Object(Illuminate\Http\Request))
#33 /var/www/html/sepides-cae.mgo4apps.com/vendor/laravel/framework/src/Illuminate/Cookie/Middleware/EncryptCookies.php(59): Illuminate\Routing\Pipeline->Illuminate\Routing\{closure}(Object(Illuminate\Http\Request))
#34 /var/www/html/sepides-cae.mgo4apps.com/vendor/laravel/framework/src/Illuminate/Pipeline/Pipeline.php(148): Illuminate\Cookie\Middleware\EncryptCookies->handle(Object(Illuminate\Http\Request), Object(Closure))
#35 /var/www/html/sepides-cae.mgo4apps.com/vendor/laravel/framework/src/Illuminate/Routing/Pipeline.php(53): Illuminate\Pipeline\Pipeline->Illuminate\Pipeline\{closure}(Object(Illuminate\Http\Request))
#36 /var/www/html/sepides-cae.mgo4apps.com/vendor/laravel/framework/src/Illuminate/Pipeline/Pipeline.php(102): Illuminate\Routing\Pipeline->Illuminate\Routing\{closure}(Object(Illuminate\Http\Request))
#37 /var/www/html/sepides-cae.mgo4apps.com/vendor/laravel/framework/src/Illuminate/Routing/Router.php(574): Illuminate\Pipeline\Pipeline->then(Object(Closure))
#38 /var/www/html/sepides-cae.mgo4apps.com/vendor/laravel/framework/src/Illuminate/Routing/Router.php(533): Illuminate\Routing\Router->runRouteWithinStack(Object(Illuminate\Routing\Route), Object(Illuminate\Http\Request))
#39 /var/www/html/sepides-cae.mgo4apps.com/vendor/laravel/framework/src/Illuminate/Routing/Router.php(511): Illuminate\Routing\Router->dispatchToRoute(Object(Illuminate\Http\Request))
#40 /var/www/html/sepides-cae.mgo4apps.com/vendor/laravel/framework/src/Illuminate/Foundation/Http/Kernel.php(176): Illuminate\Routing\Router->dispatch(Object(Illuminate\Http\Request))
#41 /var/www/html/sepides-cae.mgo4apps.com/vendor/laravel/framework/src/Illuminate/Routing/Pipeline.php(30): Illuminate\Foundation\Http\Kernel->Illuminate\Foundation\Http\{closure}(Object(Illuminate\Http\Request))
#42 /var/www/html/sepides-cae.mgo4apps.com/vendor/laravel/framework/src/Illuminate/Foundation/Http/Middleware/CheckForMaintenanceMode.php(46): Illuminate\Routing\Pipeline->Illuminate\Routing\{closure}(Object(Illuminate\Http\Request))
#43 /var/www/html/sepides-cae.mgo4apps.com/vendor/laravel/framework/src/Illuminate/Pipeline/Pipeline.php(148): Illuminate\Foundation\Http\Middleware\CheckForMaintenanceMode->handle(Object(Illuminate\Http\Request), Object(Closure))
#44 /var/www/html/sepides-cae.mgo4apps.com/vendor/laravel/framework/src/Illuminate/Routing/Pipeline.php(53): Illuminate\Pipeline\Pipeline->Illuminate\Pipeline\{closure}(Object(Illuminate\Http\Request))
#45 /var/www/html/sepides-cae.mgo4apps.com/vendor/laravel/framework/src/Illuminate/Pipeline/Pipeline.php(102): Illuminate\Routing\Pipeline->Illuminate\Routing\{closure}(Object(Illuminate\Http\Request))
#46 /var/www/html/sepides-cae.mgo4apps.com/vendor/laravel/framework/src/Illuminate/Foundation/Http/Kernel.php(151): Illuminate\Pipeline\Pipeline->then(Object(Closure))
#47 /var/www/html/sepides-cae.mgo4apps.com/vendor/laravel/framework/src/Illuminate/Foundation/Http/Kernel.php(116): Illuminate\Foundation\Http\Kernel->sendRequestThroughRouter(Object(Illuminate\Http\Request))
#48 /var/www/html/sepides-cae.mgo4apps.com/public/index.php(53): Illuminate\Foundation\Http\Kernel->handle(Object(Illuminate\Http\Request))
#49 {main}  
[2019-01-15 10:14:39] production.ERROR: ErrorException: count(): Parameter must be an array or an object that implements Countable in /var/www/html/sepides-cae.mgo4apps.com/vendor/yajra/laravel-datatables-oracle/src/Engines/CollectionEngine.php:211
Stack trace:
#0 [internal function]: Illuminate\Foundation\Bootstrap\HandleExceptions->handleError(2, 'count(): Parame...', '/var/www/html/s...', 211, Array)
#1 /var/www/html/sepides-cae.mgo4apps.com/vendor/yajra/laravel-datatables-oracle/src/Engines/CollectionEngine.php(211): count(NULL)
#2 /var/www/html/sepides-cae.mgo4apps.com/vendor/yajra/laravel-datatables-oracle/src/Engines/BaseEngine.php(533): Yajra\Datatables\Engines\CollectionEngine->columnSearch()
#3 /var/www/html/sepides-cae.mgo4apps.com/vendor/yajra/laravel-datatables-oracle/src/Engines/CollectionEngine.php(284): Yajra\Datatables\Engines\BaseEngine->filterRecords()
#4 /var/www/html/sepides-cae.mgo4apps.com/app/Http/Controllers/Contratos/ContratosDocumentacionTrait.php(204): Yajra\Datatables\Engines\CollectionEngine->make(true)
#5 [internal function]: App\Http\Controllers\Contratos\ContratosController->listaDocumentacion(Object(Illuminate\Http\Request))
#6 /var/www/html/sepides-cae.mgo4apps.com/vendor/laravel/framework/src/Illuminate/Routing/Controller.php(55): call_user_func_array(Array, Array)
#7 /var/www/html/sepides-cae.mgo4apps.com/vendor/laravel/framework/src/Illuminate/Routing/ControllerDispatcher.php(44): Illuminate\Routing\Controller->callAction('listaDocumentac...', Array)
#8 /var/www/html/sepides-cae.mgo4apps.com/vendor/laravel/framework/src/Illuminate/Routing/Route.php(203): Illuminate\Routing\ControllerDispatcher->dispatch(Object(Illuminate\Routing\Route), Object(App\Http\Controllers\Contratos\ContratosController), 'listaDocumentac...')
#9 /var/www/html/sepides-cae.mgo4apps.com/vendor/laravel/framework/src/Illuminate/Routing/Route.php(160): Illuminate\Routing\Route->runController()
#10 /var/www/html/sepides-cae.mgo4apps.com/vendor/laravel/framework/src/Illuminate/Routing/Router.php(572): Illuminate\Routing\Route->run()
#11 /var/www/html/sepides-cae.mgo4apps.com/vendor/laravel/framework/src/Illuminate/Routing/Pipeline.php(30): Illuminate\Routing\Router->Illuminate\Routing\{closure}(Object(Illuminate\Http\Request))
#12 /var/www/html/sepides-cae.mgo4apps.com/app/Http/Middleware/Authenticate.php(28): Illuminate\Routing\Pipeline->Illuminate\Routing\{closure}(Object(Illuminate\Http\Request))
#13 /var/www/html/sepides-cae.mgo4apps.com/vendor/laravel/framework/src/Illuminate/Pipeline/Pipeline.php(148): App\Http\Middleware\Authenticate->handle(Object(Illuminate\Http\Request), Object(Closure))
#14 /var/www/html/sepides-cae.mgo4apps.com/vendor/laravel/framework/src/Illuminate/Routing/Pipeline.php(53): Illuminate\Pipeline\Pipeline->Illuminate\Pipeline\{closure}(Object(Illuminate\Http\Request))
#15 /var/www/html/sepides-cae.mgo4apps.com/vendor/yajra/laravel-acl/src/Middleware/CanAtLeastMiddleware.php(25): Illuminate\Routing\Pipeline->Illuminate\Routing\{closure}(Object(Illuminate\Http\Request))
#16 /var/www/html/sepides-cae.mgo4apps.com/vendor/laravel/framework/src/Illuminate/Pipeline/Pipeline.php(148): Yajra\Acl\Middleware\CanAtLeastMiddleware->handle(Object(Illuminate\Http\Request), Object(Closure), 'contratos.exter...', 'contratos.updat...')
#17 /var/www/html/sepides-cae.mgo4apps.com/vendor/laravel/framework/src/Illuminate/Routing/Pipeline.php(53): Illuminate\Pipeline\Pipeline->Illuminate\Pipeline\{closure}(Object(Illuminate\Http\Request))
#18 /var/www/html/sepides-cae.mgo4apps.com/app/Http/Middleware/SessionTimeout.php(53): Illuminate\Routing\Pipeline->Illuminate\Routing\{closure}(Object(Illuminate\Http\Request))
#19 /var/www/html/sepides-cae.mgo4apps.com/vendor/laravel/framework/src/Illuminate/Pipeline/Pipeline.php(148): App\Http\Middleware\SessionTimeout->handle(Object(Illuminate\Http\Request), Object(Closure))
#20 /var/www/html/sepides-cae.mgo4apps.com/vendor/laravel/framework/src/Illuminate/Routing/Pipeline.php(53): Illuminate\Pipeline\Pipeline->Illuminate\Pipeline\{closure}(Object(Illuminate\Http\Request))
#21 /var/www/html/sepides-cae.mgo4apps.com/vendor/laravel/framework/src/Illuminate/Foundation/Http/Middleware/VerifyCsrfToken.php(65): Illuminate\Routing\Pipeline->Illuminate\Routing\{closure}(Object(Illuminate\Http\Request))
#22 /var/www/html/sepides-cae.mgo4apps.com/vendor/laravel/framework/src/Illuminate/Pipeline/Pipeline.php(148): Illuminate\Foundation\Http\Middleware\VerifyCsrfToken->handle(Object(Illuminate\Http\Request), Object(Closure))
#23 /var/www/html/sepides-cae.mgo4apps.com/vendor/laravel/framework/src/Illuminate/Routing/Pipeline.php(53): Illuminate\Pipeline\Pipeline->Illuminate\Pipeline\{closure}(Object(Illuminate\Http\Request))
#24 /var/www/html/sepides-cae.mgo4apps.com/vendor/laravel/framework/src/Illuminate/View/Middleware/ShareErrorsFromSession.php(49): Illuminate\Routing\Pipeline->Illuminate\Routing\{closure}(Object(Illuminate\Http\Request))
#25 /var/www/html/sepides-cae.mgo4apps.com/vendor/laravel/framework/src/Illuminate/Pipeline/Pipeline.php(148): Illuminate\View\Middleware\ShareErrorsFromSession->handle(Object(Illuminate\Http\Request), Object(Closure))
#26 /var/www/html/sepides-cae.mgo4apps.com/vendor/laravel/framework/src/Illuminate/Routing/Pipeline.php(53): Illuminate\Pipeline\Pipeline->Illuminate\Pipeline\{closure}(Object(Illuminate\Http\Request))
#27 /var/www/html/sepides-cae.mgo4apps.com/vendor/laravel/framework/src/Illuminate/Session/Middleware/StartSession.php(64): Illuminate\Routing\Pipeline->Illuminate\Routing\{closure}(Object(Illuminate\Http\Request))
#28 /var/www/html/sepides-cae.mgo4apps.com/vendor/laravel/framework/src/Illuminate/Pipeline/Pipeline.php(148): Illuminate\Session\Middleware\StartSession->handle(Object(Illuminate\Http\Request), Object(Closure))
#29 /var/www/html/sepides-cae.mgo4apps.com/vendor/laravel/framework/src/Illuminate/Routing/Pipeline.php(53): Illuminate\Pipeline\Pipeline->Illuminate\Pipeline\{closure}(Object(Illuminate\Http\Request))
#30 /var/www/html/sepides-cae.mgo4apps.com/vendor/laravel/framework/src/Illuminate/Cookie/Middleware/AddQueuedCookiesToResponse.php(37): Illuminate\Routing\Pipeline->Illuminate\Routing\{closure}(Object(Illuminate\Http\Request))
#31 /var/www/html/sepides-cae.mgo4apps.com/vendor/laravel/framework/src/Illuminate/Pipeline/Pipeline.php(148): Illuminate\Cookie\Middleware\AddQueuedCookiesToResponse->handle(Object(Illuminate\Http\Request), Object(Closure))
#32 /var/www/html/sepides-cae.mgo4apps.com/vendor/laravel/framework/src/Illuminate/Routing/Pipeline.php(53): Illuminate\Pipeline\Pipeline->Illuminate\Pipeline\{closure}(Object(Illuminate\Http\Request))
#33 /var/www/html/sepides-cae.mgo4apps.com/vendor/laravel/framework/src/Illuminate/Cookie/Middleware/EncryptCookies.php(59): Illuminate\Routing\Pipeline->Illuminate\Routing\{closure}(Object(Illuminate\Http\Request))
#34 /var/www/html/sepides-cae.mgo4apps.com/vendor/laravel/framework/src/Illuminate/Pipeline/Pipeline.php(148): Illuminate\Cookie\Middleware\EncryptCookies->handle(Object(Illuminate\Http\Request), Object(Closure))
#35 /var/www/html/sepides-cae.mgo4apps.com/vendor/laravel/framework/src/Illuminate/Routing/Pipeline.php(53): Illuminate\Pipeline\Pipeline->Illuminate\Pipeline\{closure}(Object(Illuminate\Http\Request))
#36 /var/www/html/sepides-cae.mgo4apps.com/vendor/laravel/framework/src/Illuminate/Pipeline/Pipeline.php(102): Illuminate\Routing\Pipeline->Illuminate\Routing\{closure}(Object(Illuminate\Http\Request))
#37 /var/www/html/sepides-cae.mgo4apps.com/vendor/laravel/framework/src/Illuminate/Routing/Router.php(574): Illuminate\Pipeline\Pipeline->then(Object(Closure))
#38 /var/www/html/sepides-cae.mgo4apps.com/vendor/laravel/framework/src/Illuminate/Routing/Router.php(533): Illuminate\Routing\Router->runRouteWithinStack(Object(Illuminate\Routing\Route), Object(Illuminate\Http\Request))
#39 /var/www/html/sepides-cae.mgo4apps.com/vendor/laravel/framework/src/Illuminate/Routing/Router.php(511): Illuminate\Routing\Router->dispatchToRoute(Object(Illuminate\Http\Request))
#40 /var/www/html/sepides-cae.mgo4apps.com/vendor/laravel/framework/src/Illuminate/Foundation/Http/Kernel.php(176): Illuminate\Routing\Router->dispatch(Object(Illuminate\Http\Request))
#41 /var/www/html/sepides-cae.mgo4apps.com/vendor/laravel/framework/src/Illuminate/Routing/Pipeline.php(30): Illuminate\Foundation\Http\Kernel->Illuminate\Foundation\Http\{closure}(Object(Illuminate\Http\Request))
#42 /var/www/html/sepides-cae.mgo4apps.com/vendor/laravel/framework/src/Illuminate/Foundation/Http/Middleware/CheckForMaintenanceMode.php(46): Illuminate\Routing\Pipeline->Illuminate\Routing\{closure}(Object(Illuminate\Http\Request))
#43 /var/www/html/sepides-cae.mgo4apps.com/vendor/laravel/framework/src/Illuminate/Pipeline/Pipeline.php(148): Illuminate\Foundation\Http\Middleware\CheckForMaintenanceMode->handle(Object(Illuminate\Http\Request), Object(Closure))
#44 /var/www/html/sepides-cae.mgo4apps.com/vendor/laravel/framework/src/Illuminate/Routing/Pipeline.php(53): Illuminate\Pipeline\Pipeline->Illuminate\Pipeline\{closure}(Object(Illuminate\Http\Request))
#45 /var/www/html/sepides-cae.mgo4apps.com/vendor/laravel/framework/src/Illuminate/Pipeline/Pipeline.php(102): Illuminate\Routing\Pipeline->Illuminate\Routing\{closure}(Object(Illuminate\Http\Request))
#46 /var/www/html/sepides-cae.mgo4apps.com/vendor/laravel/framework/src/Illuminate/Foundation/Http/Kernel.php(151): Illuminate\Pipeline\Pipeline->then(Object(Closure))
#47 /var/www/html/sepides-cae.mgo4apps.com/vendor/laravel/framework/src/Illuminate/Foundation/Http/Kernel.php(116): Illuminate\Foundation\Http\Kernel->sendRequestThroughRouter(Object(Illuminate\Http\Request))
#48 /var/www/html/sepides-cae.mgo4apps.com/public/index.php(53): Illuminate\Foundation\Http\Kernel->handle(Object(Illuminate\Http\Request))
#49 {main}  
[2019-01-15 10:14:55] production.ERROR: ErrorException: count(): Parameter must be an array or an object that implements Countable in /var/www/html/sepides-cae.mgo4apps.com/vendor/yajra/laravel-datatables-oracle/src/Engines/CollectionEngine.php:211
Stack trace:
#0 [internal function]: Illuminate\Foundation\Bootstrap\HandleExceptions->handleError(2, 'count(): Parame...', '/var/www/html/s...', 211, Array)
#1 /var/www/html/sepides-cae.mgo4apps.com/vendor/yajra/laravel-datatables-oracle/src/Engines/CollectionEngine.php(211): count(NULL)
#2 /var/www/html/sepides-cae.mgo4apps.com/vendor/yajra/laravel-datatables-oracle/src/Engines/BaseEngine.php(533): Yajra\Datatables\Engines\CollectionEngine->columnSearch()
#3 /var/www/html/sepides-cae.mgo4apps.com/vendor/yajra/laravel-datatables-oracle/src/Engines/CollectionEngine.php(284): Yajra\Datatables\Engines\BaseEngine->filterRecords()
#4 /var/www/html/sepides-cae.mgo4apps.com/app/Http/Controllers/Contratos/ContratosDocumentacionTrait.php(204): Yajra\Datatables\Engines\CollectionEngine->make(true)
#5 [internal function]: App\Http\Controllers\Contratos\ContratosController->listaDocumentacion(Object(Illuminate\Http\Request))
#6 /var/www/html/sepides-cae.mgo4apps.com/vendor/laravel/framework/src/Illuminate/Routing/Controller.php(55): call_user_func_array(Array, Array)
#7 /var/www/html/sepides-cae.mgo4apps.com/vendor/laravel/framework/src/Illuminate/Routing/ControllerDispatcher.php(44): Illuminate\Routing\Controller->callAction('listaDocumentac...', Array)
#8 /var/www/html/sepides-cae.mgo4apps.com/vendor/laravel/framework/src/Illuminate/Routing/Route.php(203): Illuminate\Routing\ControllerDispatcher->dispatch(Object(Illuminate\Routing\Route), Object(App\Http\Controllers\Contratos\ContratosController), 'listaDocumentac...')
#9 /var/www/html/sepides-cae.mgo4apps.com/vendor/laravel/framework/src/Illuminate/Routing/Route.php(160): Illuminate\Routing\Route->runController()
#10 /var/www/html/sepides-cae.mgo4apps.com/vendor/laravel/framework/src/Illuminate/Routing/Router.php(572): Illuminate\Routing\Route->run()
#11 /var/www/html/sepides-cae.mgo4apps.com/vendor/laravel/framework/src/Illuminate/Routing/Pipeline.php(30): Illuminate\Routing\Router->Illuminate\Routing\{closure}(Object(Illuminate\Http\Request))
#12 /var/www/html/sepides-cae.mgo4apps.com/app/Http/Middleware/Authenticate.php(28): Illuminate\Routing\Pipeline->Illuminate\Routing\{closure}(Object(Illuminate\Http\Request))
#13 /var/www/html/sepides-cae.mgo4apps.com/vendor/laravel/framework/src/Illuminate/Pipeline/Pipeline.php(148): App\Http\Middleware\Authenticate->handle(Object(Illuminate\Http\Request), Object(Closure))
#14 /var/www/html/sepides-cae.mgo4apps.com/vendor/laravel/framework/src/Illuminate/Routing/Pipeline.php(53): Illuminate\Pipeline\Pipeline->Illuminate\Pipeline\{closure}(Object(Illuminate\Http\Request))
#15 /var/www/html/sepides-cae.mgo4apps.com/vendor/yajra/laravel-acl/src/Middleware/CanAtLeastMiddleware.php(25): Illuminate\Routing\Pipeline->Illuminate\Routing\{closure}(Object(Illuminate\Http\Request))
#16 /var/www/html/sepides-cae.mgo4apps.com/vendor/laravel/framework/src/Illuminate/Pipeline/Pipeline.php(148): Yajra\Acl\Middleware\CanAtLeastMiddleware->handle(Object(Illuminate\Http\Request), Object(Closure), 'contratos.exter...', 'contratos.updat...')
#17 /var/www/html/sepides-cae.mgo4apps.com/vendor/laravel/framework/src/Illuminate/Routing/Pipeline.php(53): Illuminate\Pipeline\Pipeline->Illuminate\Pipeline\{closure}(Object(Illuminate\Http\Request))
#18 /var/www/html/sepides-cae.mgo4apps.com/app/Http/Middleware/SessionTimeout.php(53): Illuminate\Routing\Pipeline->Illuminate\Routing\{closure}(Object(Illuminate\Http\Request))
#19 /var/www/html/sepides-cae.mgo4apps.com/vendor/laravel/framework/src/Illuminate/Pipeline/Pipeline.php(148): App\Http\Middleware\SessionTimeout->handle(Object(Illuminate\Http\Request), Object(Closure))
#20 /var/www/html/sepides-cae.mgo4apps.com/vendor/laravel/framework/src/Illuminate/Routing/Pipeline.php(53): Illuminate\Pipeline\Pipeline->Illuminate\Pipeline\{closure}(Object(Illuminate\Http\Request))
#21 /var/www/html/sepides-cae.mgo4apps.com/vendor/laravel/framework/src/Illuminate/Foundation/Http/Middleware/VerifyCsrfToken.php(65): Illuminate\Routing\Pipeline->Illuminate\Routing\{closure}(Object(Illuminate\Http\Request))
#22 /var/www/html/sepides-cae.mgo4apps.com/vendor/laravel/framework/src/Illuminate/Pipeline/Pipeline.php(148): Illuminate\Foundation\Http\Middleware\VerifyCsrfToken->handle(Object(Illuminate\Http\Request), Object(Closure))
#23 /var/www/html/sepides-cae.mgo4apps.com/vendor/laravel/framework/src/Illuminate/Routing/Pipeline.php(53): Illuminate\Pipeline\Pipeline->Illuminate\Pipeline\{closure}(Object(Illuminate\Http\Request))
#24 /var/www/html/sepides-cae.mgo4apps.com/vendor/laravel/framework/src/Illuminate/View/Middleware/ShareErrorsFromSession.php(49): Illuminate\Routing\Pipeline->Illuminate\Routing\{closure}(Object(Illuminate\Http\Request))
#25 /var/www/html/sepides-cae.mgo4apps.com/vendor/laravel/framework/src/Illuminate/Pipeline/Pipeline.php(148): Illuminate\View\Middleware\ShareErrorsFromSession->handle(Object(Illuminate\Http\Request), Object(Closure))
#26 /var/www/html/sepides-cae.mgo4apps.com/vendor/laravel/framework/src/Illuminate/Routing/Pipeline.php(53): Illuminate\Pipeline\Pipeline->Illuminate\Pipeline\{closure}(Object(Illuminate\Http\Request))
#27 /var/www/html/sepides-cae.mgo4apps.com/vendor/laravel/framework/src/Illuminate/Session/Middleware/StartSession.php(64): Illuminate\Routing\Pipeline->Illuminate\Routing\{closure}(Object(Illuminate\Http\Request))
#28 /var/www/html/sepides-cae.mgo4apps.com/vendor/laravel/framework/src/Illuminate/Pipeline/Pipeline.php(148): Illuminate\Session\Middleware\StartSession->handle(Object(Illuminate\Http\Request), Object(Closure))
#29 /var/www/html/sepides-cae.mgo4apps.com/vendor/laravel/framework/src/Illuminate/Routing/Pipeline.php(53): Illuminate\Pipeline\Pipeline->Illuminate\Pipeline\{closure}(Object(Illuminate\Http\Request))
#30 /var/www/html/sepides-cae.mgo4apps.com/vendor/laravel/framework/src/Illuminate/Cookie/Middleware/AddQueuedCookiesToResponse.php(37): Illuminate\Routing\Pipeline->Illuminate\Routing\{closure}(Object(Illuminate\Http\Request))
#31 /var/www/html/sepides-cae.mgo4apps.com/vendor/laravel/framework/src/Illuminate/Pipeline/Pipeline.php(148): Illuminate\Cookie\Middleware\AddQueuedCookiesToResponse->handle(Object(Illuminate\Http\Request), Object(Closure))
#32 /var/www/html/sepides-cae.mgo4apps.com/vendor/laravel/framework/src/Illuminate/Routing/Pipeline.php(53): Illuminate\Pipeline\Pipeline->Illuminate\Pipeline\{closure}(Object(Illuminate\Http\Request))
#33 /var/www/html/sepides-cae.mgo4apps.com/vendor/laravel/framework/src/Illuminate/Cookie/Middleware/EncryptCookies.php(59): Illuminate\Routing\Pipeline->Illuminate\Routing\{closure}(Object(Illuminate\Http\Request))
#34 /var/www/html/sepides-cae.mgo4apps.com/vendor/laravel/framework/src/Illuminate/Pipeline/Pipeline.php(148): Illuminate\Cookie\Middleware\EncryptCookies->handle(Object(Illuminate\Http\Request), Object(Closure))
#35 /var/www/html/sepides-cae.mgo4apps.com/vendor/laravel/framework/src/Illuminate/Routing/Pipeline.php(53): Illuminate\Pipeline\Pipeline->Illuminate\Pipeline\{closure}(Object(Illuminate\Http\Request))
#36 /var/www/html/sepides-cae.mgo4apps.com/vendor/laravel/framework/src/Illuminate/Pipeline/Pipeline.php(102): Illuminate\Routing\Pipeline->Illuminate\Routing\{closure}(Object(Illuminate\Http\Request))
#37 /var/www/html/sepides-cae.mgo4apps.com/vendor/laravel/framework/src/Illuminate/Routing/Router.php(574): Illuminate\Pipeline\Pipeline->then(Object(Closure))
#38 /var/www/html/sepides-cae.mgo4apps.com/vendor/laravel/framework/src/Illuminate/Routing/Router.php(533): Illuminate\Routing\Router->runRouteWithinStack(Object(Illuminate\Routing\Route), Object(Illuminate\Http\Request))
#39 /var/www/html/sepides-cae.mgo4apps.com/vendor/laravel/framework/src/Illuminate/Routing/Router.php(511): Illuminate\Routing\Router->dispatchToRoute(Object(Illuminate\Http\Request))
#40 /var/www/html/sepides-cae.mgo4apps.com/vendor/laravel/framework/src/Illuminate/Foundation/Http/Kernel.php(176): Illuminate\Routing\Router->dispatch(Object(Illuminate\Http\Request))
#41 /var/www/html/sepides-cae.mgo4apps.com/vendor/laravel/framework/src/Illuminate/Routing/Pipeline.php(30): Illuminate\Foundation\Http\Kernel->Illuminate\Foundation\Http\{closure}(Object(Illuminate\Http\Request))
#42 /var/www/html/sepides-cae.mgo4apps.com/vendor/laravel/framework/src/Illuminate/Foundation/Http/Middleware/CheckForMaintenanceMode.php(46): Illuminate\Routing\Pipeline->Illuminate\Routing\{closure}(Object(Illuminate\Http\Request))
#43 /var/www/html/sepides-cae.mgo4apps.com/vendor/laravel/framework/src/Illuminate/Pipeline/Pipeline.php(148): Illuminate\Foundation\Http\Middleware\CheckForMaintenanceMode->handle(Object(Illuminate\Http\Request), Object(Closure))
#44 /var/www/html/sepides-cae.mgo4apps.com/vendor/laravel/framework/src/Illuminate/Routing/Pipeline.php(53): Illuminate\Pipeline\Pipeline->Illuminate\Pipeline\{closure}(Object(Illuminate\Http\Request))
#45 /var/www/html/sepides-cae.mgo4apps.com/vendor/laravel/framework/src/Illuminate/Pipeline/Pipeline.php(102): Illuminate\Routing\Pipeline->Illuminate\Routing\{closure}(Object(Illuminate\Http\Request))
#46 /var/www/html/sepides-cae.mgo4apps.com/vendor/laravel/framework/src/Illuminate/Foundation/Http/Kernel.php(151): Illuminate\Pipeline\Pipeline->then(Object(Closure))
#47 /var/www/html/sepides-cae.mgo4apps.com/vendor/laravel/framework/src/Illuminate/Foundation/Http/Kernel.php(116): Illuminate\Foundation\Http\Kernel->sendRequestThroughRouter(Object(Illuminate\Http\Request))
#48 /var/www/html/sepides-cae.mgo4apps.com/public/index.php(53): Illuminate\Foundation\Http\Kernel->handle(Object(Illuminate\Http\Request))
#49 {main}  
[2019-01-15 10:15:31] production.ERROR: ErrorException: count(): Parameter must be an array or an object that implements Countable in /var/www/html/sepides-cae.mgo4apps.com/vendor/yajra/laravel-datatables-oracle/src/Engines/CollectionEngine.php:211
Stack trace:
#0 [internal function]: Illuminate\Foundation\Bootstrap\HandleExceptions->handleError(2, 'count(): Parame...', '/var/www/html/s...', 211, Array)
#1 /var/www/html/sepides-cae.mgo4apps.com/vendor/yajra/laravel-datatables-oracle/src/Engines/CollectionEngine.php(211): count(NULL)
#2 /var/www/html/sepides-cae.mgo4apps.com/vendor/yajra/laravel-datatables-oracle/src/Engines/BaseEngine.php(533): Yajra\Datatables\Engines\CollectionEngine->columnSearch()
#3 /var/www/html/sepides-cae.mgo4apps.com/vendor/yajra/laravel-datatables-oracle/src/Engines/CollectionEngine.php(284): Yajra\Datatables\Engines\BaseEngine->filterRecords()
#4 /var/www/html/sepides-cae.mgo4apps.com/app/Http/Controllers/Contratos/ContratosDocumentacionTrait.php(204): Yajra\Datatables\Engines\CollectionEngine->make(true)
#5 [internal function]: App\Http\Controllers\Contratos\ContratosController->listaDocumentacion(Object(Illuminate\Http\Request))
#6 /var/www/html/sepides-cae.mgo4apps.com/vendor/laravel/framework/src/Illuminate/Routing/Controller.php(55): call_user_func_array(Array, Array)
#7 /var/www/html/sepides-cae.mgo4apps.com/vendor/laravel/framework/src/Illuminate/Routing/ControllerDispatcher.php(44): Illuminate\Routing\Controller->callAction('listaDocumentac...', Array)
#8 /var/www/html/sepides-cae.mgo4apps.com/vendor/laravel/framework/src/Illuminate/Routing/Route.php(203): Illuminate\Routing\ControllerDispatcher->dispatch(Object(Illuminate\Routing\Route), Object(App\Http\Controllers\Contratos\ContratosController), 'listaDocumentac...')
#9 /var/www/html/sepides-cae.mgo4apps.com/vendor/laravel/framework/src/Illuminate/Routing/Route.php(160): Illuminate\Routing\Route->runController()
#10 /var/www/html/sepides-cae.mgo4apps.com/vendor/laravel/framework/src/Illuminate/Routing/Router.php(572): Illuminate\Routing\Route->run()
#11 /var/www/html/sepides-cae.mgo4apps.com/vendor/laravel/framework/src/Illuminate/Routing/Pipeline.php(30): Illuminate\Routing\Router->Illuminate\Routing\{closure}(Object(Illuminate\Http\Request))
#12 /var/www/html/sepides-cae.mgo4apps.com/app/Http/Middleware/Authenticate.php(28): Illuminate\Routing\Pipeline->Illuminate\Routing\{closure}(Object(Illuminate\Http\Request))
#13 /var/www/html/sepides-cae.mgo4apps.com/vendor/laravel/framework/src/Illuminate/Pipeline/Pipeline.php(148): App\Http\Middleware\Authenticate->handle(Object(Illuminate\Http\Request), Object(Closure))
#14 /var/www/html/sepides-cae.mgo4apps.com/vendor/laravel/framework/src/Illuminate/Routing/Pipeline.php(53): Illuminate\Pipeline\Pipeline->Illuminate\Pipeline\{closure}(Object(Illuminate\Http\Request))
#15 /var/www/html/sepides-cae.mgo4apps.com/vendor/yajra/laravel-acl/src/Middleware/CanAtLeastMiddleware.php(25): Illuminate\Routing\Pipeline->Illuminate\Routing\{closure}(Object(Illuminate\Http\Request))
#16 /var/www/html/sepides-cae.mgo4apps.com/vendor/laravel/framework/src/Illuminate/Pipeline/Pipeline.php(148): Yajra\Acl\Middleware\CanAtLeastMiddleware->handle(Object(Illuminate\Http\Request), Object(Closure), 'contratos.exter...', 'contratos.updat...')
#17 /var/www/html/sepides-cae.mgo4apps.com/vendor/laravel/framework/src/Illuminate/Routing/Pipeline.php(53): Illuminate\Pipeline\Pipeline->Illuminate\Pipeline\{closure}(Object(Illuminate\Http\Request))
#18 /var/www/html/sepides-cae.mgo4apps.com/app/Http/Middleware/SessionTimeout.php(53): Illuminate\Routing\Pipeline->Illuminate\Routing\{closure}(Object(Illuminate\Http\Request))
#19 /var/www/html/sepides-cae.mgo4apps.com/vendor/laravel/framework/src/Illuminate/Pipeline/Pipeline.php(148): App\Http\Middleware\SessionTimeout->handle(Object(Illuminate\Http\Request), Object(Closure))
#20 /var/www/html/sepides-cae.mgo4apps.com/vendor/laravel/framework/src/Illuminate/Routing/Pipeline.php(53): Illuminate\Pipeline\Pipeline->Illuminate\Pipeline\{closure}(Object(Illuminate\Http\Request))
#21 /var/www/html/sepides-cae.mgo4apps.com/vendor/laravel/framework/src/Illuminate/Foundation/Http/Middleware/VerifyCsrfToken.php(65): Illuminate\Routing\Pipeline->Illuminate\Routing\{closure}(Object(Illuminate\Http\Request))
#22 /var/www/html/sepides-cae.mgo4apps.com/vendor/laravel/framework/src/Illuminate/Pipeline/Pipeline.php(148): Illuminate\Foundation\Http\Middleware\VerifyCsrfToken->handle(Object(Illuminate\Http\Request), Object(Closure))
#23 /var/www/html/sepides-cae.mgo4apps.com/vendor/laravel/framework/src/Illuminate/Routing/Pipeline.php(53): Illuminate\Pipeline\Pipeline->Illuminate\Pipeline\{closure}(Object(Illuminate\Http\Request))
#24 /var/www/html/sepides-cae.mgo4apps.com/vendor/laravel/framework/src/Illuminate/View/Middleware/ShareErrorsFromSession.php(49): Illuminate\Routing\Pipeline->Illuminate\Routing\{closure}(Object(Illuminate\Http\Request))
#25 /var/www/html/sepides-cae.mgo4apps.com/vendor/laravel/framework/src/Illuminate/Pipeline/Pipeline.php(148): Illuminate\View\Middleware\ShareErrorsFromSession->handle(Object(Illuminate\Http\Request), Object(Closure))
#26 /var/www/html/sepides-cae.mgo4apps.com/vendor/laravel/framework/src/Illuminate/Routing/Pipeline.php(53): Illuminate\Pipeline\Pipeline->Illuminate\Pipeline\{closure}(Object(Illuminate\Http\Request))
#27 /var/www/html/sepides-cae.mgo4apps.com/vendor/laravel/framework/src/Illuminate/Session/Middleware/StartSession.php(64): Illuminate\Routing\Pipeline->Illuminate\Routing\{closure}(Object(Illuminate\Http\Request))
#28 /var/www/html/sepides-cae.mgo4apps.com/vendor/laravel/framework/src/Illuminate/Pipeline/Pipeline.php(148): Illuminate\Session\Middleware\StartSession->handle(Object(Illuminate\Http\Request), Object(Closure))
#29 /var/www/html/sepides-cae.mgo4apps.com/vendor/laravel/framework/src/Illuminate/Routing/Pipeline.php(53): Illuminate\Pipeline\Pipeline->Illuminate\Pipeline\{closure}(Object(Illuminate\Http\Request))
#30 /var/www/html/sepides-cae.mgo4apps.com/vendor/laravel/framework/src/Illuminate/Cookie/Middleware/AddQueuedCookiesToResponse.php(37): Illuminate\Routing\Pipeline->Illuminate\Routing\{closure}(Object(Illuminate\Http\Request))
#31 /var/www/html/sepides-cae.mgo4apps.com/vendor/laravel/framework/src/Illuminate/Pipeline/Pipeline.php(148): Illuminate\Cookie\Middleware\AddQueuedCookiesToResponse->handle(Object(Illuminate\Http\Request), Object(Closure))
#32 /var/www/html/sepides-cae.mgo4apps.com/vendor/laravel/framework/src/Illuminate/Routing/Pipeline.php(53): Illuminate\Pipeline\Pipeline->Illuminate\Pipeline\{closure}(Object(Illuminate\Http\Request))
#33 /var/www/html/sepides-cae.mgo4apps.com/vendor/laravel/framework/src/Illuminate/Cookie/Middleware/EncryptCookies.php(59): Illuminate\Routing\Pipeline->Illuminate\Routing\{closure}(Object(Illuminate\Http\Request))
#34 /var/www/html/sepides-cae.mgo4apps.com/vendor/laravel/framework/src/Illuminate/Pipeline/Pipeline.php(148): Illuminate\Cookie\Middleware\EncryptCookies->handle(Object(Illuminate\Http\Request), Object(Closure))
#35 /var/www/html/sepides-cae.mgo4apps.com/vendor/laravel/framework/src/Illuminate/Routing/Pipeline.php(53): Illuminate\Pipeline\Pipeline->Illuminate\Pipeline\{closure}(Object(Illuminate\Http\Request))
#36 /var/www/html/sepides-cae.mgo4apps.com/vendor/laravel/framework/src/Illuminate/Pipeline/Pipeline.php(102): Illuminate\Routing\Pipeline->Illuminate\Routing\{closure}(Object(Illuminate\Http\Request))
#37 /var/www/html/sepides-cae.mgo4apps.com/vendor/laravel/framework/src/Illuminate/Routing/Router.php(574): Illuminate\Pipeline\Pipeline->then(Object(Closure))
#38 /var/www/html/sepides-cae.mgo4apps.com/vendor/laravel/framework/src/Illuminate/Routing/Router.php(533): Illuminate\Routing\Router->runRouteWithinStack(Object(Illuminate\Routing\Route), Object(Illuminate\Http\Request))
#39 /var/www/html/sepides-cae.mgo4apps.com/vendor/laravel/framework/src/Illuminate/Routing/Router.php(511): Illuminate\Routing\Router->dispatchToRoute(Object(Illuminate\Http\Request))
#40 /var/www/html/sepides-cae.mgo4apps.com/vendor/laravel/framework/src/Illuminate/Foundation/Http/Kernel.php(176): Illuminate\Routing\Router->dispatch(Object(Illuminate\Http\Request))
#41 /var/www/html/sepides-cae.mgo4apps.com/vendor/laravel/framework/src/Illuminate/Routing/Pipeline.php(30): Illuminate\Foundation\Http\Kernel->Illuminate\Foundation\Http\{closure}(Object(Illuminate\Http\Request))
#42 /var/www/html/sepides-cae.mgo4apps.com/vendor/laravel/framework/src/Illuminate/Foundation/Http/Middleware/CheckForMaintenanceMode.php(46): Illuminate\Routing\Pipeline->Illuminate\Routing\{closure}(Object(Illuminate\Http\Request))
#43 /var/www/html/sepides-cae.mgo4apps.com/vendor/laravel/framework/src/Illuminate/Pipeline/Pipeline.php(148): Illuminate\Foundation\Http\Middleware\CheckForMaintenanceMode->handle(Object(Illuminate\Http\Request), Object(Closure))
#44 /var/www/html/sepides-cae.mgo4apps.com/vendor/laravel/framework/src/Illuminate/Routing/Pipeline.php(53): Illuminate\Pipeline\Pipeline->Illuminate\Pipeline\{closure}(Object(Illuminate\Http\Request))
#45 /var/www/html/sepides-cae.mgo4apps.com/vendor/laravel/framework/src/Illuminate/Pipeline/Pipeline.php(102): Illuminate\Routing\Pipeline->Illuminate\Routing\{closure}(Object(Illuminate\Http\Request))
#46 /var/www/html/sepides-cae.mgo4apps.com/vendor/laravel/framework/src/Illuminate/Foundation/Http/Kernel.php(151): Illuminate\Pipeline\Pipeline->then(Object(Closure))
#47 /var/www/html/sepides-cae.mgo4apps.com/vendor/laravel/framework/src/Illuminate/Foundation/Http/Kernel.php(116): Illuminate\Foundation\Http\Kernel->sendRequestThroughRouter(Object(Illuminate\Http\Request))
#48 /var/www/html/sepides-cae.mgo4apps.com/public/index.php(53): Illuminate\Foundation\Http\Kernel->handle(Object(Illuminate\Http\Request))
#49 {main}  
